<?xml version="1.0" encoding="UTF-8"?>
<!-- Generated by org.testng.reporters.JUnitReportReporter -->
<testsuite hostname="Prabhu" failures="0" tests="3" name="com.spotify.tests.CreatePlayListUsingReUsableCode" time="21.396" errors="0" timestamp="2024-01-22T19:53:39 IST" skipped="0">
  <testcase classname="com.spotify.tests.CreatePlayListUsingReUsableCode" name="createPlayList" time="14.549"/>
  <system-out/>
  <testcase classname="com.spotify.tests.CreatePlayListUsingReUsableCode" name="getPlayList" time="3.300"/>
  <system-out/>
  <testcase classname="com.spotify.tests.CreatePlayListUsingReUsableCode" name="updatePlayList" time="3.547"/>
  <system-out/>
</testsuite> <!-- com.spotify.tests.CreatePlayListUsingReUsableCode -->
